[INFO ] 2020-10-18 14:25:05.740 [main] Base - properties file loaded
[INFO ] 2020-10-18 14:25:05.747 [main] Base - browser opened
[INFO ] 2020-10-18 14:25:05.747 [main] ComparePriceTest - browser opened ****
[INFO ] 2020-10-18 14:25:05.768 [main] ComparePriceTest - open amazon url
[INFO ] 2020-10-18 14:25:24.733 [main] ComparePriceTest - amazon execution successful
[INFO ] 2020-10-18 14:25:24.750 [main] ComparePriceTest - open flipkart url
[INFO ] 2020-10-18 14:25:38.051 [main] ComparePriceTest - flipkart execution successful
[INFO ] 2020-10-18 14:34:53.787 [main] Base - properties file loaded
[INFO ] 2020-10-18 14:34:53.797 [main] Base - browser opened
[INFO ] 2020-10-18 14:34:53.813 [main] Base - open amazon url
[INFO ] 2020-10-18 14:35:11.225 [main] Base - amazon execution successful
[INFO ] 2020-10-18 14:35:11.240 [main] Base - open flipkart url
[INFO ] 2020-10-18 14:35:24.992 [main] Base - flipkart execution successful
[INFO ] 2020-10-18 14:41:35.611 [main] Base - properties file loaded
[INFO ] 2020-10-18 14:41:35.616 [main] Base - Basic Initialization done
[INFO ] 2020-10-18 14:41:35.616 [main] Base - browser opened
[INFO ] 2020-10-18 14:41:35.631 [main] Base - open amazon url
[INFO ] 2020-10-18 14:41:53.659 [main] Base - amazon execution successful
[INFO ] 2020-10-18 14:41:53.687 [main] Base - open flipkart url
[INFO ] 2020-10-18 14:42:08.185 [main] Base - flipkart execution successful
[INFO ] 2020-10-18 14:42:10.379 [main] Base - properties file loaded
[INFO ] 2020-10-18 14:42:10.380 [main] Base - Basic Initialization done
[INFO ] 2020-10-18 14:42:10.380 [main] Base - browser opened
[INFO ] 2020-10-18 14:42:13.499 [main] Base - Opened facebook URL
[INFO ] 2020-10-18 14:42:13.717 [main] Base - username entered
[INFO ] 2020-10-18 14:42:18.801 [main] Base - password entered
[INFO ] 2020-10-18 14:45:42.030 [main] Base - properties file loaded
[INFO ] 2020-10-18 14:45:42.037 [main] Base - Basic Initialization done
[INFO ] 2020-10-18 14:45:42.037 [main] Base - browser opened
[INFO ] 2020-10-18 14:54:45.032 [main] Base - properties file loaded
[INFO ] 2020-10-18 14:54:45.037 [main] Base - Basic Initialization done
[INFO ] 2020-10-18 14:54:45.038 [main] Base - browser opened
[INFO ] 2020-10-18 14:56:23.261 [main] Base - properties file loaded
[INFO ] 2020-10-18 14:56:23.266 [main] Base - Basic Initialization done
[INFO ] 2020-10-18 14:56:23.266 [main] Base - browser opened
[INFO ] 2020-10-18 15:23:13.689 [main] Base - properties file loaded
[INFO ] 2020-10-18 15:23:13.693 [main] Base - Basic Initialization done
[INFO ] 2020-10-18 15:23:13.693 [main] Base - browser opened
[INFO ] 2020-10-18 15:26:16.871 [main] Base - properties file loaded
[INFO ] 2020-10-18 15:26:16.875 [main] Base - Basic Initialization done
[INFO ] 2020-10-18 15:26:16.875 [main] Base - browser opened
[INFO ] 2020-10-18 15:30:03.667 [main] Base - properties file loaded
[INFO ] 2020-10-18 15:30:03.672 [main] Base - Basic Initialization done
[INFO ] 2020-10-18 15:30:03.673 [main] Base - browser opened
[INFO ] 2020-10-18 18:12:36.678 [main] Base - properties file loaded
[INFO ] 2020-10-18 18:12:36.682 [main] Base - Basic Initialization done
[INFO ] 2020-10-18 18:12:36.682 [main] Base - browser opened
[INFO ] 2020-10-18 18:12:36.694 [main] Base - open amazon url
[INFO ] 2020-10-18 18:12:57.276 [main] Base - amazon execution successful
[INFO ] 2020-10-18 18:12:57.281 [main] Base - open flipkart url
[INFO ] 2020-10-18 18:13:09.928 [main] Base - flipkart execution successful
[INFO ] 2020-10-18 18:15:54.252 [main] Base - properties file loaded
[INFO ] 2020-10-18 18:15:54.257 [main] Base - Basic Initialization done
[INFO ] 2020-10-18 18:15:54.257 [main] Base - browser opened
[INFO ] 2020-10-18 18:15:54.270 [main] Base - open amazon url
[INFO ] 2020-10-18 18:16:10.043 [main] Base - open flipkart url
[INFO ] 2020-10-18 18:16:23.721 [main] Base - flipkart execution successful
[INFO ] 2020-10-18 18:30:21.217 [main] Base - properties file loaded
[INFO ] 2020-10-18 18:30:21.221 [main] Base - Basic Initialization done
[INFO ] 2020-10-18 18:30:21.221 [main] Base - browser opened
[INFO ] 2020-10-18 18:30:21.234 [main] Base - open amazon url
[INFO ] 2020-10-18 18:30:42.701 [main] Base - open flipkart url
[INFO ] 2020-10-18 18:30:56.467 [main] Base - flipkart execution successful
